SF:lib/api/punkapi.dart
DA:9,1
DA:10,1
DA:12,1
DA:19,4
DA:21,1
DA:22,1
DA:23,1
DA:24,1
DA:25,2
DA:28,1
DA:29,6
DA:30,7
DA:38,1
DA:39,1
DA:40,1
DA:41,0
DA:42,0
DA:44,5
DA:45,6
DA:48,0
DA:49,0
DA:52,1
DA:54,2
DA:56,2
DA:58,3
DA:59,1
DA:60,1
DA:61,1
DA:63,0
DA:64,0
DA:65,0
DA:66,0
DA:67,0
DA:68,0
DA:72,3
DA:73,1
DA:74,1
LF:37
LH:27
end_of_record
SF:lib/models/beer.dart
DA:2,0
DA:25,1
DA:26,2
DA:27,2
DA:28,2
DA:29,2
DA:30,2
DA:31,2
DA:32,3
DA:33,3
DA:34,3
DA:35,3
DA:36,3
DA:37,3
DA:38,3
DA:39,3
DA:40,2
DA:41,2
DA:43,2
DA:44,2
DA:46,2
DA:47,2
DA:49,2
DA:50,2
DA:52,3
DA:53,2
DA:54,2
DA:57,0
DA:58,0
DA:59,0
DA:60,0
DA:61,0
DA:62,0
DA:63,0
DA:64,0
DA:65,0
DA:66,0
DA:67,0
DA:68,0
DA:69,0
DA:70,0
DA:71,0
DA:72,0
DA:73,0
DA:74,0
DA:76,0
DA:77,0
DA:79,0
DA:80,0
DA:82,0
DA:83,0
DA:85,0
DA:86,0
DA:87,0
DA:115,0
DA:117,1
DA:118,2
DA:119,2
DA:125,0
DA:126,0
DA:127,0
DA:128,0
DA:134,0
DA:136,1
DA:137,1
DA:138,2
DA:139,3
DA:140,3
DA:143,2
DA:144,2
DA:146,2
DA:153,0
DA:154,0
DA:155,0
DA:156,0
DA:158,0
DA:159,0
DA:161,0
DA:167,0
DA:169,1
DA:170,2
DA:171,2
DA:173,2
DA:179,0
DA:180,0
DA:181,0
DA:182,0
DA:184,0
DA:190,0
DA:192,1
DA:193,2
DA:194,2
DA:200,0
DA:201,0
DA:202,0
DA:203,0
DA:210,0
DA:212,1
DA:213,1
DA:214,2
DA:215,3
DA:216,3
DA:219,1
DA:220,2
DA:221,3
DA:222,3
DA:225,2
DA:232,0
DA:233,0
DA:234,0
DA:235,0
DA:237,0
DA:238,0
DA:240,0
DA:246,0
DA:248,1
DA:249,2
DA:250,2
DA:251,2
DA:258,0
DA:259,0
DA:260,0
DA:261,0
DA:262,0
DA:269,0
DA:271,1
DA:272,3
DA:273,2
DA:279,0
DA:280,0
DA:281,0
DA:282,0
DA:288,0
DA:290,1
DA:291,2
DA:292,2
DA:293,2
DA:295,2
DA:296,2
DA:304,0
DA:305,0
DA:306,0
DA:307,0
DA:308,0
DA:310,0
DA:311,0
LF:146
LH:67
end_of_record
SF:lib/localization/app_localization.dart
DA:21,0
DA:25,0
DA:26,0
DA:35,0
DA:36,0
DA:37,0
DA:38,0
DA:39,0
DA:40,0
DA:45,0
DA:46,0
DA:52,0
DA:54,0
DA:56,0
DA:59,0
DA:63,0
DA:64,0
DA:65,0
DA:69,0
LF:19
LH:0
end_of_record
SF:lib/models/error.dart
DA:2,0
DA:4,1
DA:5,2
DA:6,2
DA:7,2
DA:14,0
DA:15,0
DA:16,0
DA:17,0
DA:18,0
LF:10
LH:4
end_of_record
