SF:lib/models/beer.dart
DA:2,0
DA:25,2
DA:26,4
DA:27,4
DA:28,4
DA:29,4
DA:30,4
DA:31,4
DA:32,6
DA:33,6
DA:34,6
DA:35,6
DA:36,6
DA:37,6
DA:38,6
DA:39,6
DA:40,4
DA:41,4
DA:43,4
DA:44,4
DA:46,4
DA:47,4
DA:49,4
DA:50,4
DA:52,6
DA:53,4
DA:54,4
DA:57,1
DA:58,1
DA:59,2
DA:60,2
DA:61,2
DA:62,2
DA:63,2
DA:64,2
DA:65,2
DA:66,2
DA:67,2
DA:68,2
DA:69,2
DA:70,2
DA:71,2
DA:72,2
DA:73,1
DA:74,3
DA:76,1
DA:77,3
DA:79,1
DA:80,3
DA:82,1
DA:83,3
DA:85,2
DA:86,2
DA:87,2
DA:115,0
DA:117,2
DA:118,4
DA:119,4
DA:125,1
DA:126,1
DA:127,2
DA:128,2
DA:134,0
DA:136,2
DA:137,2
DA:138,4
DA:139,6
DA:140,6
DA:143,4
DA:144,4
DA:146,4
DA:153,1
DA:154,1
DA:155,1
DA:156,6
DA:158,1
DA:159,3
DA:161,2
DA:167,0
DA:169,2
DA:170,4
DA:171,4
DA:173,4
DA:179,1
DA:180,1
DA:181,1
DA:182,3
DA:184,2
DA:190,0
DA:192,2
DA:193,4
DA:194,4
DA:200,1
DA:201,1
DA:202,1
DA:203,3
DA:210,0
DA:212,2
DA:213,2
DA:214,4
DA:215,6
DA:216,6
DA:219,2
DA:220,4
DA:221,6
DA:222,6
DA:225,4
DA:232,1
DA:233,1
DA:234,1
DA:235,6
DA:237,1
DA:238,6
DA:240,2
DA:246,0
DA:248,2
DA:249,4
DA:250,4
DA:251,4
DA:258,1
DA:259,1
DA:260,2
DA:261,1
DA:262,3
DA:269,0
DA:271,2
DA:272,6
DA:273,4
DA:279,1
DA:280,1
DA:281,2
DA:282,2
DA:288,0
DA:290,2
DA:291,4
DA:292,4
DA:293,4
DA:295,4
DA:296,4
DA:304,1
DA:305,1
DA:306,2
DA:307,1
DA:308,3
DA:310,2
DA:311,2
LF:146
LH:137
end_of_record
SF:lib/api/punkapi.dart
DA:9,1
DA:10,1
DA:12,1
DA:19,4
DA:21,1
DA:22,1
DA:23,1
DA:24,1
DA:25,2
DA:28,1
DA:29,6
DA:30,7
DA:38,1
DA:39,1
DA:40,1
DA:41,2
DA:42,2
DA:44,5
DA:45,6
DA:52,1
DA:54,2
DA:56,2
DA:58,3
DA:59,1
DA:60,1
DA:61,1
DA:63,1
DA:64,1
DA:65,1
DA:66,2
DA:67,2
DA:68,1
DA:72,3
DA:73,1
DA:74,1
LF:35
LH:35
end_of_record
SF:lib/localization/app_localization.dart
DA:21,0
DA:25,0
DA:26,0
DA:35,0
DA:36,0
DA:37,0
DA:38,0
DA:39,0
DA:40,0
DA:45,0
DA:46,0
DA:52,0
DA:54,0
DA:56,0
DA:59,0
DA:63,0
DA:64,0
DA:65,0
DA:69,0
LF:19
LH:0
end_of_record
SF:lib/models/error.dart
DA:2,1
DA:4,1
DA:5,2
DA:6,2
DA:7,2
DA:14,0
DA:15,0
DA:16,0
DA:17,0
DA:18,0
LF:10
LH:5
end_of_record
